[2019-01-15 17:05:04,612] multiqc                                            [DEBUG  ]  No MultiQC config found: /opt/miniconda3/lib/python3.6/site-packages/multiqc_config.yaml
[2019-01-15 17:05:04,612] multiqc                                            [DEBUG  ]  No MultiQC config found: /home/anicall/.multiqc_config.yaml
[2019-01-15 17:05:04,612] multiqc                                            [DEBUG  ]  No MultiQC config found: multiqc_config.yaml
[2019-01-15 17:05:04,612] multiqc                                            [DEBUG  ]  Command used: /opt/miniconda3/bin/multiqc .
[2019-01-15 17:05:06,061] multiqc                                            [WARNING]  MultiQC Version v1.7 now available!
[2019-01-15 17:05:06,061] multiqc                                            [INFO   ]  This is MultiQC v1.6
[2019-01-15 17:05:06,062] multiqc                                            [DEBUG  ]  Command     : /opt/miniconda3/bin/multiqc .
[2019-01-15 17:05:06,062] multiqc                                            [DEBUG  ]  Working dir : /home/anicall/work/trim
[2019-01-15 17:05:06,062] multiqc                                            [INFO   ]  Template    : default
[2019-01-15 17:05:06,063] multiqc                                            [INFO   ]  Searching '.'
[2019-01-15 17:05:06,064] multiqc                                            [DEBUG  ]  Analysing modules: custom_content, conpair, peddy, methylQA, qualimap, preseq, quast, qorts, rna_seqc, rsem, rseqc, busco, goleft_indexcov, disambiguate, supernova, deeptools, sargasso, verifybamid, mirtrace, happy, homer, macs2, theta2, snpeff, gatk, htseq, bcftools, featureCounts, dedup, picard, prokka, samblaster, samtools, bamtools, jellyfish, vcftools, longranger, bbmap, bismark, hicexplorer, hicup, hicpro, salmon, kallisto, slamdunk, star, hisat2, tophat, bowtie2, bowtie1, kat, leehom, adapterRemoval, clipandmerge, cutadapt, flexbar, trimmomatic, skewer, sortmerna, biobloomtools, fastq_screen, afterqc, fastp, fastqc, clusterflow, bcl2fastq, interop
[2019-01-15 17:05:06,064] multiqc                                            [DEBUG  ]  Using temporary directory for creating report: /tmp/tmpot1ojnuu
[2019-01-15 17:05:06,145] multiqc                                            [DEBUG  ]  Ignoring file as matched an ignore pattern: 6Hour_CGATGT_L002_R2_003.fastq
[2019-01-15 17:05:06,146] multiqc                                            [DEBUG  ]  Ignoring file as matched an ignore pattern: 0Hour_ATCACG_L002_R2_005.fastq
[2019-01-15 17:05:06,146] multiqc                                            [DEBUG  ]  Ignoring file as matched an ignore pattern: 0Hour_ATCACG_L002_R1_003.fastq
[2019-01-15 17:05:06,147] multiqc                                            [DEBUG  ]  Ignoring file as matched an ignore pattern: 6Hour_CGATGT_L002_R2_001.fastq
[2019-01-15 17:05:06,161] multiqc                                            [DEBUG  ]  Ignoring file as matched an ignore pattern: 0Hour_ATCACG_L002_R1_004.qc.fq.gz
[2019-01-15 17:05:06,162] multiqc                                            [DEBUG  ]  Ignoring file as matched an ignore pattern: 6Hour_CGATGT_L002_R1_003.fastq
[2019-01-15 17:05:06,162] multiqc                                            [DEBUG  ]  Ignoring file as matched an ignore pattern: 6Hour_CGATGT_L002_R2_002.fastq
[2019-01-15 17:05:06,162] multiqc                                            [DEBUG  ]  Ignoring file as matched an ignore pattern: 6Hour_CGATGT_L002_R1_002.qc.fq.gz
[2019-01-15 17:05:06,163] multiqc                                            [DEBUG  ]  Ignoring file as matched an ignore pattern: 6Hour_CGATGT_L002_R1_004.fastq
[2019-01-15 17:05:06,163] multiqc                                            [DEBUG  ]  Ignoring file as matched an ignore pattern: 6Hour_CGATGT_L002_R1_001.fastq
[2019-01-15 17:05:06,164] multiqc                                            [DEBUG  ]  Ignoring file as matched an ignore pattern: 0Hour_ATCACG_L002_R1_003.qc_fastqc.html
[2019-01-15 17:05:06,164] multiqc                                            [DEBUG  ]  Ignoring file as matched an ignore pattern: 6Hour_CGATGT_L002_R2_005.qc_fastqc.html
[2019-01-15 17:05:06,164] multiqc                                            [DEBUG  ]  Ignoring file as matched an ignore pattern: 0Hour_ATCACG_L002_R2_004.qc.fq.gz
[2019-01-15 17:05:06,165] multiqc                                            [DEBUG  ]  Ignoring file as matched an ignore pattern: 6Hour_CGATGT_L002_R2_004.qc.fq.gz
[2019-01-15 17:05:06,165] multiqc                                            [DEBUG  ]  Ignoring file as matched an ignore pattern: combined.fa
[2019-01-15 17:05:06,165] multiqc                                            [DEBUG  ]  Ignoring file as matched an ignore pattern: 0Hour_ATCACG_L002_R1_003.qc.fq.gz
[2019-01-15 17:05:06,166] multiqc                                            [DEBUG  ]  Ignoring file as matched an ignore pattern: 0Hour_ATCACG_L002_R1_001.fastq
[2019-01-15 17:05:06,167] multiqc                                            [DEBUG  ]  Ignoring file as matched an ignore pattern: 0Hour_ATCACG_L002_R1_005.qc.fq.gz
[2019-01-15 17:05:06,167] multiqc                                            [DEBUG  ]  Ignoring file as matched an ignore pattern: 6Hour_CGATGT_L002_R2_004.fastq
[2019-01-15 17:05:06,167] multiqc                                            [DEBUG  ]  Ignoring file as matched an ignore pattern: 0Hour_ATCACG_L002_R2_005.qc.fq.gz
[2019-01-15 17:05:06,168] multiqc                                            [DEBUG  ]  Ignoring file as matched an ignore pattern: 6Hour_CGATGT_L002_R1_005.fastq
[2019-01-15 17:05:06,169] multiqc                                            [DEBUG  ]  Ignoring file as matched an ignore pattern: 0Hour_ATCACG_L002_R2_001.qc.fq.gz
[2019-01-15 17:05:06,170] multiqc                                            [DEBUG  ]  Ignoring file as matched an ignore pattern: 0Hour_ATCACG_L002_R2_004.qc_fastqc.html
[2019-01-15 17:05:06,170] multiqc                                            [DEBUG  ]  Ignoring file as matched an ignore pattern: 6Hour_CGATGT_L002_R1_005.qc.fq.gz
[2019-01-15 17:05:06,171] multiqc                                            [DEBUG  ]  Ignoring file as matched an ignore pattern: 6Hour_CGATGT_L002_R1_002.qc_fastqc.html
[2019-01-15 17:05:06,173] multiqc                                            [DEBUG  ]  Ignoring file as matched an ignore pattern: 0Hour_ATCACG_L002_R2_005.qc_fastqc.html
[2019-01-15 17:05:06,174] multiqc                                            [DEBUG  ]  Ignoring file as matched an ignore pattern: 6Hour_CGATGT_L002_R1_003.qc.fq.gz
[2019-01-15 17:05:06,175] multiqc                                            [DEBUG  ]  Ignoring file as matched an ignore pattern: 0Hour_ATCACG_L002_R1_002.qc.fq.gz
[2019-01-15 17:05:06,176] multiqc                                            [DEBUG  ]  Ignoring file as matched an ignore pattern: orphans.qc.fq.gz
[2019-01-15 17:05:06,176] multiqc                                            [DEBUG  ]  Ignoring file as matched an ignore pattern: 6Hour_CGATGT_L002_R1_001.qc_fastqc.html
[2019-01-15 17:05:06,177] multiqc                                            [DEBUG  ]  Ignoring file as matched an ignore pattern: 6Hour_CGATGT_L002_R2_001.qc_fastqc.html
[2019-01-15 17:05:06,178] multiqc                                            [DEBUG  ]  Ignoring file as matched an ignore pattern: 6Hour_CGATGT_L002_R2_002.qc_fastqc.html
[2019-01-15 17:05:06,178] multiqc                                            [DEBUG  ]  Ignoring file as matched an ignore pattern: 0Hour_ATCACG_L002_R2_003.qc_fastqc.html
[2019-01-15 17:05:06,178] multiqc                                            [DEBUG  ]  Ignoring file as matched an ignore pattern: 6Hour_CGATGT_L002_R2_003.qc.fq.gz
[2019-01-15 17:05:06,179] multiqc                                            [DEBUG  ]  Ignoring file as matched an ignore pattern: 6Hour_CGATGT_L002_R2_001.qc.fq.gz
[2019-01-15 17:05:06,179] multiqc                                            [DEBUG  ]  Ignoring file as matched an ignore pattern: 6Hour_CGATGT_L002_R1_002.fastq
[2019-01-15 17:05:06,180] multiqc                                            [DEBUG  ]  Ignoring file as matched an ignore pattern: 0Hour_ATCACG_L002_R1_002.qc_fastqc.html
[2019-01-15 17:05:06,180] multiqc                                            [DEBUG  ]  Ignoring file as matched an ignore pattern: 0Hour_ATCACG_L002_R2_001.qc_fastqc.html
[2019-01-15 17:05:06,181] multiqc                                            [DEBUG  ]  Ignoring file as matched an ignore pattern: 6Hour_CGATGT_L002_R2_003.qc_fastqc.html
[2019-01-15 17:05:06,181] multiqc                                            [DEBUG  ]  Ignoring file as matched an ignore pattern: 0Hour_ATCACG_L002_R1_004.fastq
[2019-01-15 17:05:06,181] multiqc                                            [DEBUG  ]  Ignoring file as matched an ignore pattern: 6Hour_CGATGT_L002_R2_004.qc_fastqc.html
[2019-01-15 17:05:06,182] multiqc                                            [DEBUG  ]  Ignoring file as matched an ignore pattern: 0Hour_ATCACG_L002_R1_004.qc_fastqc.html
[2019-01-15 17:05:06,182] multiqc                                            [DEBUG  ]  Ignoring file as matched an ignore pattern: 0Hour_ATCACG_L002_R1_005.qc_fastqc.html
[2019-01-15 17:05:06,183] multiqc                                            [DEBUG  ]  Ignoring file as matched an ignore pattern: 0Hour_ATCACG_L002_R1_002.fastq
[2019-01-15 17:05:06,184] multiqc                                            [DEBUG  ]  Ignoring file as matched an ignore pattern: 0Hour_ATCACG_L002_R2_003.qc.fq.gz
[2019-01-15 17:05:06,184] multiqc                                            [DEBUG  ]  Ignoring file as matched an ignore pattern: 6Hour_CGATGT_L002_R1_001.qc.fq.gz
[2019-01-15 17:05:06,185] multiqc                                            [DEBUG  ]  Ignoring file as matched an ignore pattern: 0Hour_ATCACG_L002_R1_001.qc.fq.gz
[2019-01-15 17:05:06,185] multiqc                                            [DEBUG  ]  Ignoring file as matched an ignore pattern: 6Hour_CGATGT_L002_R2_005.fastq
[2019-01-15 17:05:06,186] multiqc                                            [DEBUG  ]  Ignoring file as matched an ignore pattern: 0Hour_ATCACG_L002_R2_003.fastq
[2019-01-15 17:05:06,186] multiqc                                            [DEBUG  ]  Ignoring file as matched an ignore pattern: 0Hour_ATCACG_L002_R2_002.qc_fastqc.html
[2019-01-15 17:05:06,186] multiqc                                            [DEBUG  ]  Ignoring file as matched an ignore pattern: 0Hour_ATCACG_L002_R2_002.qc.fq.gz
[2019-01-15 17:05:06,187] multiqc                                            [DEBUG  ]  Ignoring file as matched an ignore pattern: 0Hour_ATCACG_L002_R2_004.fastq
[2019-01-15 17:05:06,187] multiqc                                            [DEBUG  ]  Ignoring file as matched an ignore pattern: 6Hour_CGATGT_L002_R2_002.qc.fq.gz
[2019-01-15 17:05:06,188] multiqc                                            [DEBUG  ]  Ignoring file as matched an ignore pattern: 0Hour_ATCACG_L002_R2_002.fastq
[2019-01-15 17:05:06,188] multiqc                                            [DEBUG  ]  Ignoring file as matched an ignore pattern: 0Hour_ATCACG_L002_R1_001.qc_fastqc.html
[2019-01-15 17:05:06,188] multiqc                                            [DEBUG  ]  Ignoring file as matched an ignore pattern: 6Hour_CGATGT_L002_R1_005.qc_fastqc.html
[2019-01-15 17:05:06,189] multiqc                                            [DEBUG  ]  Ignoring file as matched an ignore pattern: 6Hour_CGATGT_L002_R2_005.qc.fq.gz
[2019-01-15 17:05:06,189] multiqc                                            [DEBUG  ]  Ignoring file as matched an ignore pattern: 6Hour_CGATGT_L002_R1_004.qc_fastqc.html
[2019-01-15 17:05:06,190] multiqc                                            [DEBUG  ]  Ignoring file as matched an ignore pattern: 0Hour_ATCACG_L002_R1_005.fastq
[2019-01-15 17:05:06,191] multiqc                                            [DEBUG  ]  Ignoring file as matched an ignore pattern: 6Hour_CGATGT_L002_R1_004.qc.fq.gz
[2019-01-15 17:05:06,191] multiqc                                            [DEBUG  ]  Ignoring file as matched an ignore pattern: 0Hour_ATCACG_L002_R2_001.fastq
[2019-01-15 17:05:06,191] multiqc                                            [DEBUG  ]  Ignoring file as matched an ignore pattern: 6Hour_CGATGT_L002_R1_003.qc_fastqc.html
[2019-01-15 17:05:06,521] multiqc                                            [DEBUG  ]  No samples found: custom_content
[2019-01-15 17:05:06,527] multiqc                                            [DEBUG  ]  No samples found: conpair
[2019-01-15 17:05:06,558] multiqc                                            [DEBUG  ]  No samples found: peddy
[2019-01-15 17:05:06,563] multiqc                                            [DEBUG  ]  No samples found: methylQA
[2019-01-15 17:05:06,570] multiqc                                            [DEBUG  ]  No samples found: qualimap
[2019-01-15 17:05:06,575] multiqc                                            [DEBUG  ]  No samples found: preseq
[2019-01-15 17:05:06,581] multiqc                                            [DEBUG  ]  No samples found: quast
[2019-01-15 17:05:06,586] multiqc                                            [DEBUG  ]  No samples found: qorts
[2019-01-15 17:05:06,592] multiqc                                            [DEBUG  ]  No samples found: rna_seqc
[2019-01-15 17:05:06,597] multiqc                                            [DEBUG  ]  No samples found: rsem
[2019-01-15 17:05:06,606] multiqc                                            [DEBUG  ]  No samples found: rseqc
[2019-01-15 17:05:06,611] multiqc                                            [DEBUG  ]  No samples found: busco
[2019-01-15 17:05:06,616] multiqc                                            [DEBUG  ]  No samples found: goleft_indexcov
[2019-01-15 17:05:06,622] multiqc                                            [DEBUG  ]  No samples found: disambiguate
[2019-01-15 17:05:06,627] multiqc                                            [DEBUG  ]  No samples found: supernova
[2019-01-15 17:05:06,634] multiqc                                            [DEBUG  ]  No samples found: deeptools
[2019-01-15 17:05:06,640] multiqc                                            [DEBUG  ]  No samples found: sargasso
[2019-01-15 17:05:06,645] multiqc                                            [DEBUG  ]  No samples found: verifybamid
[2019-01-15 17:05:06,651] multiqc                                            [DEBUG  ]  No samples found: mirtrace
[2019-01-15 17:05:06,656] multiqc                                            [DEBUG  ]  No samples found: happy
[2019-01-15 17:05:06,662] multiqc                                            [DEBUG  ]  No samples found: homer
[2019-01-15 17:05:06,668] multiqc                                            [DEBUG  ]  No samples found: macs2
[2019-01-15 17:05:06,673] multiqc                                            [DEBUG  ]  No samples found: theta2
[2019-01-15 17:05:06,678] multiqc                                            [DEBUG  ]  No samples found: snpeff
[2019-01-15 17:05:06,685] multiqc                                            [DEBUG  ]  No samples found: gatk
[2019-01-15 17:05:06,690] multiqc                                            [DEBUG  ]  No samples found: htseq
[2019-01-15 17:05:06,696] multiqc                                            [DEBUG  ]  No samples found: bcftools
[2019-01-15 17:05:06,701] multiqc                                            [DEBUG  ]  No samples found: featureCounts
[2019-01-15 17:05:06,706] multiqc                                            [DEBUG  ]  No samples found: dedup
[2019-01-15 17:05:06,716] multiqc                                            [DEBUG  ]  No samples found: picard
[2019-01-15 17:05:06,722] multiqc                                            [DEBUG  ]  No samples found: prokka
[2019-01-15 17:05:06,727] multiqc                                            [DEBUG  ]  No samples found: samblaster
[2019-01-15 17:05:06,734] multiqc                                            [DEBUG  ]  No samples found: samtools
[2019-01-15 17:05:06,740] multiqc                                            [DEBUG  ]  No samples found: bamtools
[2019-01-15 17:05:06,745] multiqc                                            [DEBUG  ]  No samples found: jellyfish
[2019-01-15 17:05:06,754] multiqc                                            [DEBUG  ]  No samples found: vcftools
[2019-01-15 17:05:06,759] multiqc                                            [DEBUG  ]  No samples found: longranger
[2019-01-15 17:05:06,768] multiqc                                            [DEBUG  ]  No samples found: bbmap
[2019-01-15 17:05:06,773] multiqc                                            [DEBUG  ]  No samples found: bismark
[2019-01-15 17:05:06,778] multiqc                                            [DEBUG  ]  No samples found: hicexplorer
[2019-01-15 17:05:06,783] multiqc                                            [DEBUG  ]  No samples found: hicup
[2019-01-15 17:05:06,787] multiqc                                            [DEBUG  ]  No samples found: hicpro
[2019-01-15 17:05:06,792] multiqc                                            [DEBUG  ]  No samples found: salmon
[2019-01-15 17:05:06,796] multiqc                                            [DEBUG  ]  No samples found: kallisto
[2019-01-15 17:05:06,801] multiqc                                            [DEBUG  ]  No samples found: slamdunk
[2019-01-15 17:05:06,805] multiqc                                            [DEBUG  ]  No samples found: star
[2019-01-15 17:05:06,809] multiqc                                            [DEBUG  ]  No samples found: hisat2
[2019-01-15 17:05:06,814] multiqc                                            [DEBUG  ]  No samples found: tophat
[2019-01-15 17:05:06,818] multiqc                                            [DEBUG  ]  No samples found: bowtie2
[2019-01-15 17:05:06,822] multiqc                                            [DEBUG  ]  No samples found: bowtie1
[2019-01-15 17:05:06,826] multiqc                                            [DEBUG  ]  No samples found: kat
[2019-01-15 17:05:06,830] multiqc                                            [DEBUG  ]  No samples found: leehom
[2019-01-15 17:05:06,834] multiqc                                            [DEBUG  ]  No samples found: adapterRemoval
[2019-01-15 17:05:06,838] multiqc                                            [DEBUG  ]  No samples found: clipandmerge
[2019-01-15 17:05:06,842] multiqc                                            [DEBUG  ]  No samples found: cutadapt
[2019-01-15 17:05:06,846] multiqc                                            [DEBUG  ]  No samples found: flexbar
[2019-01-15 17:05:06,850] multiqc                                            [DEBUG  ]  No samples found: trimmomatic
[2019-01-15 17:05:06,853] multiqc                                            [DEBUG  ]  No samples found: skewer
[2019-01-15 17:05:06,857] multiqc                                            [DEBUG  ]  No samples found: sortmerna
[2019-01-15 17:05:06,861] multiqc                                            [DEBUG  ]  No samples found: biobloomtools
[2019-01-15 17:05:06,865] multiqc                                            [DEBUG  ]  No samples found: fastq_screen
[2019-01-15 17:05:06,869] multiqc                                            [DEBUG  ]  No samples found: afterqc
[2019-01-15 17:05:06,873] multiqc                                            [DEBUG  ]  No samples found: fastp
[2019-01-15 17:05:06,978] multiqc.modules.fastqc.fastqc                      [INFO   ]  Found 20 reports
[2019-01-15 17:05:07,494] multiqc                                            [DEBUG  ]  No samples found: clusterflow
[2019-01-15 17:05:07,498] multiqc                                            [DEBUG  ]  No samples found: bcl2fastq
[2019-01-15 17:05:07,502] multiqc                                            [DEBUG  ]  No samples found: interop
[2019-01-15 17:05:07,544] multiqc                                            [INFO   ]  Compressing plot data
[2019-01-15 17:05:07,968] multiqc                                            [INFO   ]  Report      : multiqc_report.html
[2019-01-15 17:05:07,968] multiqc                                            [INFO   ]  Data        : multiqc_data
[2019-01-15 17:05:07,969] multiqc                                            [DEBUG  ]  Moving data file from '/tmp/tmpot1ojnuu/multiqc_data/multiqc_data.json' to '/home/anicall/work/trim/multiqc_data'
[2019-01-15 17:05:07,969] multiqc                                            [DEBUG  ]  Moving data file from '/tmp/tmpot1ojnuu/multiqc_data/multiqc_fastqc.txt' to '/home/anicall/work/trim/multiqc_data'
[2019-01-15 17:05:07,969] multiqc                                            [DEBUG  ]  Moving data file from '/tmp/tmpot1ojnuu/multiqc_data/multiqc_general_stats.txt' to '/home/anicall/work/trim/multiqc_data'
[2019-01-15 17:05:07,969] multiqc                                            [DEBUG  ]  Moving data file from '/tmp/tmpot1ojnuu/multiqc_data/multiqc_sources.txt' to '/home/anicall/work/trim/multiqc_data'
[2019-01-15 17:05:08,117] multiqc                                            [INFO   ]  MultiQC complete
